0 info it worked if it ends with ok
1 verbose cli [ 'C:\\Program Files\\nodejs\\node.exe',
1 verbose cli   'C:\\Users\\Admin\\AppData\\Roaming\\npm\\node_modules\\npm\\bin\\npm-cli.js',
1 verbose cli   'start' ]
2 info using npm@3.8.7
3 info using node@v8.9.4
4 verbose run-script [ 'prestart', 'start', 'poststart' ]
5 info lifecycle youtubeauth@0.0.0~prestart: youtubeauth@0.0.0
6 silly lifecycle youtubeauth@0.0.0~prestart: no script for prestart, continuing
7 info lifecycle youtubeauth@0.0.0~start: youtubeauth@0.0.0
8 verbose lifecycle youtubeauth@0.0.0~start: unsafe-perm in lifecycle true
9 verbose lifecycle youtubeauth@0.0.0~start: PATH: C:\Users\Admin\AppData\Roaming\npm\node_modules\npm\bin\node-gyp-bin;F:\GOPI DATABASE\Project\youtubeAuth\node_modules\.bin;C:\Program Files\nodejs;C:\Windows\system32;C:\Windows;C:\Windows\System32\Wbem;C:\Windows\System32\WindowsPowerShell\v1.0\;C:\Program Files\MySQL\MySQL Utilities 1.4.3\;C:\Program Files\MySQL\MySQL Utilities 1.4.3\Doctrine extensions for PHP\;C:\Program Files\Skype\Phone\;C:\Program Files\Git\cmd;C:\Program Files\nodejs\;C:\Program Files\Java\jdk1.7.0_71\bin;C:\Program Files\Microsoft VS Code\bin;C:\Users\Admin\AppData\Roaming\npm;C:\Users\Admin\AppData\Local\Programs\Fiddler
10 verbose lifecycle youtubeauth@0.0.0~start: CWD: F:\GOPI DATABASE\Project\youtubeAuth
11 silly lifecycle youtubeauth@0.0.0~start: Args: [ '/d /s /c', 'node ./bin/www' ]
12 silly lifecycle youtubeauth@0.0.0~start: Returned: code: 1  signal: null
13 info lifecycle youtubeauth@0.0.0~start: Failed to exec start script
14 verbose stack Error: youtubeauth@0.0.0 start: `node ./bin/www`
14 verbose stack Exit status 1
14 verbose stack     at EventEmitter.<anonymous> (C:\Users\Admin\AppData\Roaming\npm\node_modules\npm\lib\utils\lifecycle.js:244:16)
14 verbose stack     at emitTwo (events.js:126:13)
14 verbose stack     at EventEmitter.emit (events.js:214:7)
14 verbose stack     at ChildProcess.<anonymous> (C:\Users\Admin\AppData\Roaming\npm\node_modules\npm\lib\utils\spawn.js:24:14)
14 verbose stack     at emitTwo (events.js:126:13)
14 verbose stack     at ChildProcess.emit (events.js:214:7)
14 verbose stack     at maybeClose (internal/child_process.js:925:16)
14 verbose stack     at Process.ChildProcess._handle.onexit (internal/child_process.js:209:5)
15 verbose pkgid youtubeauth@0.0.0
16 verbose cwd F:\GOPI DATABASE\Project\youtubeAuth
17 error Windows_NT 6.1.7601
18 error argv "C:\\Program Files\\nodejs\\node.exe" "C:\\Users\\Admin\\AppData\\Roaming\\npm\\node_modules\\npm\\bin\\npm-cli.js" "start"
19 error node v8.9.4
20 error npm  v3.8.7
21 error code ELIFECYCLE
22 error youtubeauth@0.0.0 start: `node ./bin/www`
22 error Exit status 1
23 error Failed at the youtubeauth@0.0.0 start script 'node ./bin/www'.
23 error Make sure you have the latest version of node.js and npm installed.
23 error If you do, this is most likely a problem with the youtubeauth package,
23 error not with npm itself.
23 error Tell the author that this fails on your system:
23 error     node ./bin/www
23 error You can get information on how to open an issue for this project with:
23 error     npm bugs youtubeauth
23 error Or if that isn't available, you can get their info via:
23 error     npm owner ls youtubeauth
23 error There is likely additional logging output above.
24 verbose exit [ 1, true ]
